<?xml version="1.0" encoding="UTF-8"?>
<!-- Generated by org.testng.reporters.JUnitReportReporter -->
<testsuite skipped="0" hostname="DESKTOP-2LN0V42" name="org.sample.Dataprovider" tests="4" failures="0" timestamp="10 Dec 2021 02:34:39 GMT" time="37.174" errors="0">
  <testcase name="tc2" time="15.682" classname="org.sample.Dataprovider"/>
  <testcase name="tc2" time="8.179" classname="org.sample.Dataprovider"/>
  <testcase name="tc2" time="7.557" classname="org.sample.Dataprovider"/>
  <testcase name="tc2" time="5.756" classname="org.sample.Dataprovider"/>
</testsuite> <!-- org.sample.Dataprovider -->
