<?xml version="1.0" encoding="UTF-8"?>
<!-- Generated by org.testng.reporters.JUnitReportReporter -->
<testsuite skipped="0" hostname="DESKTOP-2LN0V42" name="org.sample.TestNGorder" tests="3" failures="0" timestamp="07 Dec 2021 14:58:15 GMT" time="0.005" errors="0">
  <testcase name="tc1" time="0.003" classname="org.sample.TestNGorder"/>
  <testcase name="tc2" time="0.000" classname="org.sample.TestNGorder"/>
  <testcase name="tc3" time="0.002" classname="org.sample.TestNGorder"/>
</testsuite> <!-- org.sample.TestNGorder -->
